[debug] [2019-11-09T15:08:55.158Z] ----------------------------------------------------------------------
[debug] [2019-11-09T15:08:55.163Z] Command:       C:\Program Files\nodejs\node.exe C:\Users\ACER\AppData\Roaming\npm\node_modules\firebase-tools\lib\bin\firebase.js init
[debug] [2019-11-09T15:08:55.163Z] CLI Version:   7.6.2
[debug] [2019-11-09T15:08:55.163Z] Platform:      win32
[debug] [2019-11-09T15:08:55.164Z] Node Version:  v12.13.0
[debug] [2019-11-09T15:08:55.165Z] Time:          Sat Nov 09 2019 16:08:55 GMT+0100 (West Africa Standard Time)
[debug] [2019-11-09T15:08:55.165Z] ----------------------------------------------------------------------
[debug] [2019-11-09T15:08:55.166Z] 
[debug] [2019-11-09T15:08:55.182Z] > command requires scopes: ["email","openid","https://www.googleapis.com/auth/cloudplatformprojects.readonly","https://www.googleapis.com/auth/firebase","https://www.googleapis.com/auth/cloud-platform"]
[debug] [2019-11-09T15:08:55.183Z] > authorizing via signed-in user
[info] 
     ######## #### ########  ######## ########     ###     ######  ########
     ##        ##  ##     ## ##       ##     ##  ##   ##  ##       ##
     ######    ##  ########  ######   ########  #########  ######  ######
     ##        ##  ##    ##  ##       ##     ## ##     ##       ## ##
     ##       #### ##     ## ######## ########  ##     ##  ######  ########

You're about to initialize a Firebase project in this directory:

  C:\Users\ACER\Desktop\projects\mybiz\mybiz

[info] 
=== Project Setup
[info] 
[info] First, let's associate this project directory with a Firebase project.
[info] You can create multiple project aliases by running firebase use --add, 
[info] but for now we'll just set up a default project.
[info] 
[info] i  If you want to create a project in a Google Cloud organization or folder, please use "firebase projects:create" instead, and return to this command when you've created the project.
[debug] [2019-11-09T15:09:39.899Z] > refreshing access token with scopes: ["email","https://www.googleapis.com/auth/cloud-platform","https://www.googleapis.com/auth/cloudplatformprojects.readonly","https://www.googleapis.com/auth/firebase","openid"]
[debug] [2019-11-09T15:09:39.900Z] >>> HTTP REQUEST POST https://www.googleapis.com/oauth2/v3/token  
 <request body omitted>
[debug] [2019-11-09T15:09:42.508Z] <<< HTTP RESPONSE 200
[debug] [2019-11-09T15:09:42.612Z] >>> HTTP REQUEST POST https://cloudresourcemanager.googleapis.com/v1/projects  

[debug] [2019-11-09T15:09:46.137Z] <<< HTTP RESPONSE 409
[debug] [2019-11-09T15:09:46.138Z] <<< HTTP RESPONSE BODY
[debug] [2019-11-09T15:09:46.141Z] HTTP Error: 409, Requested entity already exists
[debug] [2019-11-09T15:09:46.646Z] FirebaseError: HTTP Error: 409, Requested entity already exists
    at module.exports (C:\Users\ACER\AppData\Roaming\npm\node_modules\firebase-tools\lib\responseToError.js:38:12)
    at Request._callback (C:\Users\ACER\AppData\Roaming\npm\node_modules\firebase-tools\lib\api.js:39:35)
    at Request.self.callback (C:\Users\ACER\AppData\Roaming\npm\node_modules\firebase-tools\node_modules\request\request.js:185:22)
    at Request.emit (events.js:210:5)
    at Request.EventEmitter.emit (domain.js:476:20)
    at Request.<anonymous> (C:\Users\ACER\AppData\Roaming\npm\node_modules\firebase-tools\node_modules\request\request.js:1161:10)
    at Request.emit (events.js:210:5)
    at Request.EventEmitter.emit (domain.js:476:20)
    at IncomingMessage.<anonymous> (C:\Users\ACER\AppData\Roaming\npm\node_modules\firebase-tools\node_modules\request\request.js:1083:12)
    at Object.onceWrapper (events.js:299:28)
[error] 
[error] Error: Failed to create Google Cloud project. See firebase-debug.log for more info.
